<?xml version="1.0" encoding="UTF-8"?>
<!-- Generated by org.testng.reporters.JUnitXMLReporter -->
<testsuite ignored="0" hostname="DESKTOP-NKQ7MKH" failures="1" tests="1" name="Default test(failed)" time="0.17" errors="0" timestamp="2023-11-10T16:09:12 IST">
  <testcase classname="TestNG_Asserts.Ex_6_TestNG_SoftAssertClass" name="TC1" time="0.049">
    <failure type="java.lang.AssertionError" message="The following asserts failed:
	Failed:Results are different:  expected [somnat] but found [somnath]">
      <![CDATA[java.lang.AssertionError: The following asserts failed:
Failed:Results are different:  expected [somnat] but found [somnath]
at TestNG_Asserts.Ex_6_TestNG_SoftAssertClass.TC1(Ex_6_TestNG_SoftAssertClass.java:24)
at java.base/java.util.ArrayList.forEach(ArrayList.java:1511)
... Removed 29 stack frames]]>
    </failure>
  </testcase> <!-- TC1 -->
</testsuite> <!-- Default test(failed) -->
